Traceback (most recent call last):
  File "/work/pde-book/.venv/lib/python3.12/site-packages/jupyter_cache/executors/utils.py", line 58, in single_nb_execution
    executenb(
  File "/usr/lib/python3.12/site-packages/nbclient/client.py", line 1314, in execute
    return NotebookClient(nb=nb, resources=resources, km=km, **kwargs).execute()
           ^^^^^^^^^^^^^^^^^^^^^^^^^^^^^^^^^^^^^^^^^^^^^^^^^^^^^^^^^^^^^^^^^^^^^
  File "/usr/lib/python3.12/site-packages/jupyter_core/utils/__init__.py", line 165, in wrapped
    return loop.run_until_complete(inner)
           ^^^^^^^^^^^^^^^^^^^^^^^^^^^^^^
  File "/usr/lib/python3.12/asyncio/base_events.py", line 687, in run_until_complete
    return future.result()
           ^^^^^^^^^^^^^^^
  File "/usr/lib/python3.12/site-packages/nbclient/client.py", line 709, in async_execute
    await self.async_execute_cell(
  File "/usr/lib/python3.12/site-packages/nbclient/client.py", line 1062, in async_execute_cell
    await self._check_raise_for_error(cell, cell_index, exec_reply)
  File "/usr/lib/python3.12/site-packages/nbclient/client.py", line 918, in _check_raise_for_error
    raise CellExecutionError.from_cell_and_msg(cell, exec_reply_content)
nbclient.exceptions.CellExecutionError: An error occurred while executing the following cell:
------------------
# Define function


def f(x):
    return ...


# Exact integral
int_f = ...

# Trapezoidal rule
xq = [...]
wq = [..., ...]

qr_f = QR(f, xq, wq)
print(f"Q[f] = {qr_f}")
print(f"I[f] - Q[f] = {int_f - qr_f:.10e}")
------------------


[0;31m---------------------------------------------------------------------------[0m
[0;31mRuntimeError[0m                              Traceback (most recent call last)
Cell [0;32mIn[5], line 15[0m
[1;32m     12[0m xq [38;5;241m=[39m [[38;5;241m.[39m[38;5;241m.[39m[38;5;241m.[39m]
[1;32m     13[0m wq [38;5;241m=[39m [[38;5;241m.[39m[38;5;241m.[39m[38;5;241m.[39m, [38;5;241m.[39m[38;5;241m.[39m[38;5;241m.[39m]
[0;32m---> 15[0m qr_f [38;5;241m=[39m [43mQR[49m[43m([49m[43mf[49m[43m,[49m[43m [49m[43mxq[49m[43m,[49m[43m [49m[43mwq[49m[43m)[49m
[1;32m     16[0m [38;5;28mprint[39m([38;5;124mf[39m[38;5;124m"[39m[38;5;124mQ[f] = [39m[38;5;132;01m{[39;00mqr_f[38;5;132;01m}[39;00m[38;5;124m"[39m)
[1;32m     17[0m [38;5;28mprint[39m([38;5;124mf[39m[38;5;124m"[39m[38;5;124mI[f] - Q[f] = [39m[38;5;132;01m{[39;00mint_f[38;5;250m [39m[38;5;241m-[39m[38;5;250m [39mqr_f[38;5;132;01m:[39;00m[38;5;124m.10e[39m[38;5;132;01m}[39;00m[38;5;124m"[39m)

Cell [0;32mIn[3], line 12[0m, in [0;36mQR[0;34m(f, xq, wq)[0m
[1;32m     10[0m n [38;5;241m=[39m [38;5;28mlen[39m(xq)
[1;32m     11[0m [38;5;28;01mif[39;00m n [38;5;241m!=[39m [38;5;28mlen[39m(wq):
[0;32m---> 12[0m     [38;5;28;01mraise[39;00m [38;5;167;01mRuntimeError[39;00m([38;5;124m"[39m[38;5;124mError: Need same number of quadrature nodes and weights![39m[38;5;124m"[39m)
[1;32m     13[0m [38;5;28;01mreturn[39;00m np[38;5;241m.[39marray(wq) [38;5;241m@[39m f(np[38;5;241m.[39marray(xq))

[0;31mRuntimeError[0m: Error: Need same number of quadrature nodes and weights!

